<?xml version="1.0" encoding="UTF-8"?>
<testng-results skipped="0" failed="1" total="3" passed="2">
  <reporter-output>
    <line>
      <![CDATA[INFO: "Fill all fields and have next alert: 
Please complete the following required fields:
 - First Name
 - Business Name
 - Business Number
"]]>
    </line>
    <line>
      <![CDATA[INFO: "Fill all fields, chose business and have next alert: 
Please complete the following required fields:
 - First Name
"]]>
    </line>
    <line>
      <![CDATA[INFO: "Fill all fields and have next alert: 
Please complete the following required fields:
 - First Name
"]]>
    </line>
  </reporter-output>
  <suite name="Suite1" duration-ms="14843" started-at="2016-08-07T20:22:25Z" finished-at="2016-08-07T20:22:40Z">
    <groups>
    </groups>
    <test name="TestPage" duration-ms="14843" started-at="2016-08-07T20:22:25Z" finished-at="2016-08-07T20:22:40Z">
      <class name="tests.CreatingNewAccount">
        <test-method status="PASS" signature="initEnv()[pri:0, instance:tests.CreatingNewAccount@73486eef]" name="initEnv" is-config="true" duration-ms="5100" started-at="2016-08-07T23:22:20Z" finished-at="2016-08-07T23:22:25Z">
          <reporter-output>
          </reporter-output>
        </test-method> <!-- initEnv -->
        <test-method status="PASS" signature="Test1Account()[pri:0, instance:tests.CreatingNewAccount@73486eef]" name="Test1Account" duration-ms="4941" started-at="2016-08-07T23:22:25Z" finished-at="2016-08-07T23:22:30Z">
          <reporter-output>
            <line>
              <![CDATA[INFO: "Fill all fields and have next alert: 
Please complete the following required fields:
 - First Name
 - Business Name
 - Business Number
"]]>
            </line>
          </reporter-output>
        </test-method> <!-- Test1Account -->
        <test-method status="FAIL" signature="Test2BusinessAccount()[pri:0, instance:tests.CreatingNewAccount@73486eef]" name="Test2BusinessAccount" duration-ms="6849" started-at="2016-08-07T23:22:30Z" finished-at="2016-08-07T23:22:37Z">
          <exception class="org.openqa.selenium.NoAlertPresentException">
            <message>
              <![CDATA[no alert open
  (Session info: chrome=52.0.2743.116)
  (Driver info: chromedriver=2.22.397933 (1cab651507b88dec79b2b2a22d1943c01833cc1b),platform=Windows NT 10.0.10586 x86_64) (WARNING: The server did not provide any stacktrace information)
Command duration or timeout: 7 milliseconds
Build info: version: '2.44.0', revision: '76d78cf323ce037c5f92db6c1bba601c2ac43ad8', time: '2014-10-23 13:11:40'
System info: host: 'GladOS', ip: '192.168.1.20', os.name: 'Windows 8.1', os.arch: 'amd64', os.version: '6.3', java.version: '1.7.0_79'
Session ID: 07d311bd42042a5743e9ecded927e84f
Driver info: org.openqa.selenium.chrome.ChromeDriver
Capabilities [{platform=WIN8_1, acceptSslCerts=true, javascriptEnabled=true, browserName=chrome, chrome={userDataDir=C:\Users\STARKI~1\AppData\Local\Temp\scoped_dir6944_17856, chromedriverVersion=2.22.397933 (1cab651507b88dec79b2b2a22d1943c01833cc1b)}, rotatable=false, locationContextEnabled=true, mobileEmulationEnabled=false, version=52.0.2743.116, takesHeapSnapshot=true, cssSelectorsEnabled=true, databaseEnabled=false, handlesAlerts=true, browserConnectionEnabled=false, webStorageEnabled=true, nativeEvents=true, hasTouchScreen=false, applicationCacheEnabled=false, takesScreenshot=true}]]]>
            </message>
            <full-stacktrace>
              <![CDATA[org.openqa.selenium.NoAlertPresentException: no alert open
  (Session info: chrome=52.0.2743.116)
  (Driver info: chromedriver=2.22.397933 (1cab651507b88dec79b2b2a22d1943c01833cc1b),platform=Windows NT 10.0.10586 x86_64) (WARNING: The server did not provide any stacktrace information)
Command duration or timeout: 7 milliseconds
Build info: version: '2.44.0', revision: '76d78cf323ce037c5f92db6c1bba601c2ac43ad8', time: '2014-10-23 13:11:40'
System info: host: 'GladOS', ip: '192.168.1.20', os.name: 'Windows 8.1', os.arch: 'amd64', os.version: '6.3', java.version: '1.7.0_79'
Session ID: 07d311bd42042a5743e9ecded927e84f
Driver info: org.openqa.selenium.chrome.ChromeDriver
Capabilities [{platform=WIN8_1, acceptSslCerts=true, javascriptEnabled=true, browserName=chrome, chrome={userDataDir=C:\Users\STARKI~1\AppData\Local\Temp\scoped_dir6944_17856, chromedriverVersion=2.22.397933 (1cab651507b88dec79b2b2a22d1943c01833cc1b)}, rotatable=false, locationContextEnabled=true, mobileEmulationEnabled=false, version=52.0.2743.116, takesHeapSnapshot=true, cssSelectorsEnabled=true, databaseEnabled=false, handlesAlerts=true, browserConnectionEnabled=false, webStorageEnabled=true, nativeEvents=true, hasTouchScreen=false, applicationCacheEnabled=false, takesScreenshot=true}]
	at sun.reflect.NativeConstructorAccessorImpl.newInstance0(Native Method)
	at sun.reflect.NativeConstructorAccessorImpl.newInstance(NativeConstructorAccessorImpl.java:57)
	at sun.reflect.DelegatingConstructorAccessorImpl.newInstance(DelegatingConstructorAccessorImpl.java:45)
	at java.lang.reflect.Constructor.newInstance(Constructor.java:526)
	at org.openqa.selenium.remote.ErrorHandler.createThrowable(ErrorHandler.java:204)
	at org.openqa.selenium.remote.ErrorHandler.throwIfResponseFailed(ErrorHandler.java:156)
	at org.openqa.selenium.remote.RemoteWebDriver.execute(RemoteWebDriver.java:599)
	at org.openqa.selenium.remote.RemoteWebDriver.execute(RemoteWebDriver.java:614)
	at org.openqa.selenium.remote.RemoteWebDriver$RemoteTargetLocator.alert(RemoteWebDriver.java:899)
	at pages.RegisterPagePos.button(RegisterPagePos.java:137)
	at tests.CreatingNewAccount.Test2BusinessAccount(CreatingNewAccount.java:56)
	at sun.reflect.NativeMethodAccessorImpl.invoke0(Native Method)
	at sun.reflect.NativeMethodAccessorImpl.invoke(NativeMethodAccessorImpl.java:57)
	at sun.reflect.DelegatingMethodAccessorImpl.invoke(DelegatingMethodAccessorImpl.java:43)
	at java.lang.reflect.Method.invoke(Method.java:606)
	at org.testng.internal.MethodInvocationHelper.invokeMethod(MethodInvocationHelper.java:84)
	at org.testng.internal.Invoker.invokeMethod(Invoker.java:714)
	at org.testng.internal.Invoker.invokeTestMethod(Invoker.java:901)
	at org.testng.internal.Invoker.invokeTestMethods(Invoker.java:1231)
	at org.testng.internal.TestMethodWorker.invokeTestMethods(TestMethodWorker.java:127)
	at org.testng.internal.TestMethodWorker.run(TestMethodWorker.java:111)
	at org.testng.TestRunner.privateRun(TestRunner.java:767)
	at org.testng.TestRunner.run(TestRunner.java:617)
	at org.testng.SuiteRunner.runTest(SuiteRunner.java:348)
	at org.testng.SuiteRunner.runSequentially(SuiteRunner.java:343)
	at org.testng.SuiteRunner.privateRun(SuiteRunner.java:305)
	at org.testng.SuiteRunner.run(SuiteRunner.java:254)
	at org.testng.SuiteRunnerWorker.runSuite(SuiteRunnerWorker.java:52)
	at org.testng.SuiteRunnerWorker.run(SuiteRunnerWorker.java:86)
	at org.testng.TestNG.runSuitesSequentially(TestNG.java:1224)
	at org.testng.TestNG.runSuitesLocally(TestNG.java:1149)
	at org.testng.TestNG.run(TestNG.java:1057)
	at org.apache.maven.surefire.testng.TestNGExecutor.run(TestNGExecutor.java:122)
	at org.apache.maven.surefire.testng.TestNGXmlTestSuite.execute(TestNGXmlTestSuite.java:92)
	at org.apache.maven.surefire.testng.TestNGProvider.invoke(TestNGProvider.java:101)
	at sun.reflect.NativeMethodAccessorImpl.invoke0(Native Method)
	at sun.reflect.NativeMethodAccessorImpl.invoke(NativeMethodAccessorImpl.java:57)
	at sun.reflect.DelegatingMethodAccessorImpl.invoke(DelegatingMethodAccessorImpl.java:43)
	at java.lang.reflect.Method.invoke(Method.java:606)
	at org.apache.maven.surefire.util.ReflectionUtils.invokeMethodWithArray(ReflectionUtils.java:164)
	at org.apache.maven.surefire.booter.ProviderFactory$ProviderProxy.invoke(ProviderFactory.java:110)
	at org.apache.maven.surefire.booter.SurefireStarter.invokeProvider(SurefireStarter.java:175)
	at org.apache.maven.surefire.booter.SurefireStarter.runSuitesInProcessWhenForked(SurefireStarter.java:107)
	at org.apache.maven.surefire.booter.ForkedBooter.main(ForkedBooter.java:68)
]]>
            </full-stacktrace>
          </exception> <!-- org.openqa.selenium.NoAlertPresentException -->
          <reporter-output>
            <line>
              <![CDATA[INFO: "Fill all fields, chose business and have next alert: 
Please complete the following required fields:
 - First Name
"]]>
            </line>
          </reporter-output>
        </test-method> <!-- Test2BusinessAccount -->
        <test-method status="PASS" signature="Test3PersonalAccount()[pri:0, instance:tests.CreatingNewAccount@73486eef]" name="Test3PersonalAccount" duration-ms="3021" started-at="2016-08-07T23:22:37Z" finished-at="2016-08-07T23:22:40Z">
          <reporter-output>
            <line>
              <![CDATA[INFO: "Fill all fields and have next alert: 
Please complete the following required fields:
 - First Name
"]]>
            </line>
          </reporter-output>
        </test-method> <!-- Test3PersonalAccount -->
        <test-method status="PASS" signature="evnSgut()[pri:0, instance:tests.CreatingNewAccount@73486eef]" name="evnSgut" is-config="true" duration-ms="1105" started-at="2016-08-07T23:22:40Z" finished-at="2016-08-07T23:22:41Z">
          <reporter-output>
          </reporter-output>
        </test-method> <!-- evnSgut -->
      </class> <!-- tests.CreatingNewAccount -->
    </test> <!-- TestPage -->
  </suite> <!-- Suite1 -->
</testng-results>
